# JRE version: OpenJDK Runtime Environment (21.0.8) (build 21.0.8+-14018985-b1038.68)
# Java VM: OpenJDK 64-Bit Server VM (21.0.8+-14018985-b1038.68, mixed mode, tiered, compressed oops, compressed class ptrs, g1 gc, windows-amd64)
GC Precious Log:
 CardTable entry size: 512
 Card Set container configuration: InlinePtr #cards 5 size 8 Array Of Cards #cards 12 size 40 Howl #buckets 4 coarsen threshold 1843 Howl Bitmap #cards 512 size 80 coarsen threshold 460 Card regions per heap region 1 cards per card region 2048
 CPUs: 16 total, 16 available
 Memory: 15741M
 Large Page Support: Disabled
 NUMA Support: Disabled
 Compressed Oops: Enabled (32-bit)
 Heap Region Size: 1M
 Heap Min Capacity: 8M
 Heap Initial Capacity: 246M
 Heap Max Capacity: 2G
 Pre-touch: Disabled
 Parallel Workers: 13
 Concurrent Workers: 3
 Concurrent Refinement Workers: 13
 Periodic GC: Disabled
Heap:
 garbage-first heap   total 245760K, used 203278K [0x0000000080000000, 0x0000000100000000)
  region size 1024K, 60 young (61440K), 9 survivors (9216K)
 Metaspace       used 130364K, committed 132736K, reserved 1179648K
  class space    used 18288K, committed 19456K, reserved 1048576K
GC Heap History (20 events):
Event: 231.490 GC heap before
{Heap before GC invocations=38 (full 0):
 garbage-first heap   total 214016K, used 163304K [0x0000000080000000, 0x0000000100000000)
  region size 1024K, 40 young (40960K), 5 survivors (5120K)
 Metaspace       used 95410K, committed 97472K, reserved 1179648K
  class space    used 13264K, committed 14272K, reserved 1048576K
}
Event: 231.495 GC heap after
{Heap after GC invocations=39 (full 0):
 garbage-first heap   total 214016K, used 127204K [0x0000000080000000, 0x0000000100000000)
  region size 1024K, 5 young (5120K), 5 survivors (5120K)
 Metaspace       used 95410K, committed 97472K, reserved 1179648K
  class space    used 13264K, committed 14272K, reserved 1048576K
}
Event: 233.078 GC heap before
{Heap before GC invocations=39 (full 0):
 garbage-first heap   total 214016K, used 183524K [0x0000000080000000, 0x0000000100000000)
  region size 1024K, 60 young (61440K), 5 survivors (5120K)
 Metaspace       used 100989K, committed 102976K, reserved 1179648K
  class space    used 13980K, committed 14976K, reserved 1048576K
}
Event: 233.085 GC heap after
{Heap after GC invocations=40 (full 0):
 garbage-first heap   total 214016K, used 129091K [0x0000000080000000, 0x0000000100000000)
  region size 1024K, 3 young (3072K), 3 survivors (3072K)
 Metaspace       used 100989K, committed 102976K, reserved 1179648K
  class space    used 13980K, committed 14976K, reserved 1048576K
}
Event: 233.120 GC heap before
{Heap before GC invocations=40 (full 0):
 garbage-first heap   total 214016K, used 129091K [0x0000000080000000, 0x0000000100000000)
  region size 1024K, 4 young (4096K), 3 survivors (3072K)
 Metaspace       used 101076K, committed 103104K, reserved 1179648K
  class space    used 13996K, committed 14976K, reserved 1048576K
}
Event: 233.125 GC heap after
{Heap after GC invocations=41 (full 0):
 garbage-first heap   total 214016K, used 129005K [0x0000000080000000, 0x0000000100000000)
  region size 1024K, 3 young (3072K), 3 survivors (3072K)
 Metaspace       used 101076K, committed 103104K, reserved 1179648K
  class space    used 13996K, committed 14976K, reserved 1048576K
}
Event: 235.039 GC heap before
{Heap before GC invocations=42 (full 0):
 garbage-first heap   total 222208K, used 191469K [0x0000000080000000, 0x0000000100000000)
  region size 1024K, 61 young (62464K), 3 survivors (3072K)
 Metaspace       used 105413K, committed 107456K, reserved 1179648K
  class space    used 14630K, committed 15616K, reserved 1048576K
}
Event: 235.045 GC heap after
{Heap after GC invocations=43 (full 0):
 garbage-first heap   total 222208K, used 134777K [0x0000000080000000, 0x0000000100000000)
  region size 1024K, 6 young (6144K), 6 survivors (6144K)
 Metaspace       used 105413K, committed 107456K, reserved 1179648K
  class space    used 14630K, committed 15616K, reserved 1048576K
}
Event: 236.412 GC heap before
{Heap before GC invocations=43 (full 0):
 garbage-first heap   total 222208K, used 195193K [0x0000000080000000, 0x0000000100000000)
  region size 1024K, 65 young (66560K), 6 survivors (6144K)
 Metaspace       used 107793K, committed 109824K, reserved 1179648K
  class space    used 14928K, committed 15936K, reserved 1048576K
}
Event: 236.419 GC heap after
{Heap after GC invocations=44 (full 0):
 garbage-first heap   total 222208K, used 136244K [0x0000000080000000, 0x0000000100000000)
  region size 1024K, 6 young (6144K), 6 survivors (6144K)
 Metaspace       used 107793K, committed 109824K, reserved 1179648K
  class space    used 14928K, committed 15936K, reserved 1048576K
}
Event: 237.299 GC heap before
{Heap before GC invocations=44 (full 0):
 garbage-first heap   total 222208K, used 161844K [0x0000000080000000, 0x0000000100000000)
  region size 1024K, 32 young (32768K), 6 survivors (6144K)
 Metaspace       used 109792K, committed 111872K, reserved 1179648K
  class space    used 15224K, committed 16256K, reserved 1048576K
}
Event: 237.304 GC heap after
{Heap after GC invocations=45 (full 0):
 garbage-first heap   total 222208K, used 137706K [0x0000000080000000, 0x0000000100000000)
  region size 1024K, 4 young (4096K), 4 survivors (4096K)
 Metaspace       used 109792K, committed 111872K, reserved 1179648K
  class space    used 15224K, committed 16256K, reserved 1048576K
}
Event: 239.330 GC heap before
{Heap before GC invocations=46 (full 0):
 garbage-first heap   total 232448K, used 206314K [0x0000000080000000, 0x0000000100000000)
  region size 1024K, 70 young (71680K), 4 survivors (4096K)
 Metaspace       used 115192K, committed 117312K, reserved 1179648K
  class space    used 16146K, committed 17152K, reserved 1048576K
}
Event: 239.334 GC heap after
{Heap after GC invocations=47 (full 0):
 garbage-first heap   total 232448K, used 139697K [0x0000000080000000, 0x0000000100000000)
  region size 1024K, 6 young (6144K), 6 survivors (6144K)
 Metaspace       used 115192K, committed 117312K, reserved 1179648K
  class space    used 16146K, committed 17152K, reserved 1048576K
}
Event: 241.691 GC heap before
{Heap before GC invocations=47 (full 0):
 garbage-first heap   total 232448K, used 213425K [0x0000000080000000, 0x0000000100000000)
  region size 1024K, 78 young (79872K), 6 survivors (6144K)
 Metaspace       used 120518K, committed 122752K, reserved 1179648K
  class space    used 16926K, committed 17984K, reserved 1048576K
}
Event: 241.700 GC heap after
{Heap after GC invocations=48 (full 0):
 garbage-first heap   total 232448K, used 142914K [0x0000000080000000, 0x0000000100000000)
  region size 1024K, 8 young (8192K), 8 survivors (8192K)
 Metaspace       used 120518K, committed 122752K, reserved 1179648K
  class space    used 16926K, committed 17984K, reserved 1048576K
}
Event: 243.141 GC heap before
{Heap before GC invocations=48 (full 0):
 garbage-first heap   total 232448K, used 210498K [0x0000000080000000, 0x0000000100000000)
  region size 1024K, 74 young (75776K), 8 survivors (8192K)
 Metaspace       used 126236K, committed 128512K, reserved 1179648K
  class space    used 17718K, committed 18816K, reserved 1048576K
}
Event: 243.149 GC heap after
{Heap after GC invocations=49 (full 0):
 garbage-first heap   total 232448K, used 146244K [0x0000000080000000, 0x0000000100000000)
  region size 1024K, 8 young (8192K), 8 survivors (8192K)
 Metaspace       used 126236K, committed 128512K, reserved 1179648K
  class space    used 17718K, committed 18816K, reserved 1048576K
}
Event: 244.683 GC heap before
{Heap before GC invocations=50 (full 0):
 garbage-first heap   total 245760K, used 210756K [0x0000000080000000, 0x0000000100000000)
  region size 1024K, 71 young (72704K), 8 survivors (8192K)
 Metaspace       used 130181K, committed 132544K, reserved 1179648K
  class space    used 18280K, committed 19456K, reserved 1048576K
}
Event: 244.692 GC heap after
{Heap after GC invocations=51 (full 0):
 garbage-first heap   total 245760K, used 152078K [0x0000000080000000, 0x0000000100000000)
  region size 1024K, 9 young (9216K), 9 survivors (9216K)
 Metaspace       used 130181K, committed 132544K, reserved 1179648K
  class space    used 18280K, committed 19456K, reserved 1048576K
}

